TN:
SF:contracts/BayviewContinuousToken.sol
FN:75,BayviewContinuousToken.
FNDA:0,BayviewContinuousToken.
FN:78,BayviewContinuousToken.price
FNDA:6,BayviewContinuousToken.price
DA:79,14
DA:79,14
DA:79,14
FN:86,BayviewContinuousToken.getReserveBalance
FNDA:6,BayviewContinuousToken.getReserveBalance
DA:87,23
DA:87,23
FN:90,BayviewContinuousToken.reserveTokenPriceForAmount
FNDA:0,BayviewContinuousToken.reserveTokenPriceForAmount
DA:91,0
DA:91,0
DA:91,0
FN:99,BayviewContinuousToken.quantityToBuyWithDepositAmount
FNDA:0,BayviewContinuousToken.quantityToBuyWithDepositAmount
DA:100,11
DA:100,11
DA:100,11
FN:108,BayviewContinuousToken.valueToReceiveAfterTokenAmountSale
FNDA:2,BayviewContinuousToken.valueToReceiveAfterTokenAmountSale
DA:109,3
DA:109,3
DA:109,3
FN:117,BayviewContinuousToken.mint
FNDA:9,BayviewContinuousToken.mint
DA:118,8
DA:118,8
DA:119,8
DA:119,8
DA:121,8
DA:121,8
DA:123,8
DA:123,8
DA:125,8
DA:125,8
BRDA:125,0,0,-
BRDA:125,0,1,7
DA:126,7
DA:126,7
DA:128,8
DA:128,8
FN:131,BayviewContinuousToken.retire
FNDA:5,BayviewContinuousToken.retire
DA:132,4
DA:132,4
BRDA:132,1,0,1
BRDA:132,1,1,3
DA:132,1
DA:133,3
DA:133,3
DA:133,3
BRDA:133,2,0,2
BRDA:133,2,1,1
DA:133,2
DA:135,1
DA:135,1
DA:137,1
DA:137,1
DA:138,1
DA:138,1
DA:138,1
DA:140,1
DA:140,1
DA:142,1
DA:142,1
BRDA:142,3,0,-
BRDA:142,3,1,-
DA:143,0
DA:143,0
DA:145,1
DA:145,1
FN:148,BayviewContinuousToken._validateSending
FNDA:7,BayviewContinuousToken._validateSending
DA:149,7
DA:149,7
BRDA:149,4,0,-
BRDA:149,4,1,7
DA:149,0
FN:152,BayviewContinuousToken._convertWeightTo18Decimals
FNDA:0,BayviewContinuousToken._convertWeightTo18Decimals
DA:153,0
DA:153,0
DA:153,0
FN:156,BayviewContinuousToken._calculateMarketCapInETH
FNDA:8,BayviewContinuousToken._calculateMarketCapInETH
DA:157,8
DA:157,8
DA:157,8
FN:160,BayviewContinuousToken._calculateMarketCapInUSD
FNDA:8,BayviewContinuousToken._calculateMarketCapInUSD
DA:161,8
DA:161,8
DA:161,8
DA:162,8
DA:162,8
DA:162,8
DA:162,8
DA:163,8
DA:163,8
DA:163,8
DA:164,8
DA:164,8
DA:164,8
FN:167,BayviewContinuousToken._attemptPoolSetup
FNDA:8,BayviewContinuousToken._attemptPoolSetup
DA:168,8
DA:168,8
DA:168,8
BRDA:168,5,0,3
BRDA:168,5,1,8
DA:168,8
DA:170,3
DA:170,3
DA:170,3
BRDA:170,6,0,3
BRDA:170,6,1,3
DA:171,3
DA:171,3
DA:172,3
DA:172,3
FN:176,BayviewContinuousToken._rewardOwnerWith1PercentOfReserve
FNDA:3,BayviewContinuousToken._rewardOwnerWith1PercentOfReserve
DA:177,3
DA:177,3
DA:177,3
DA:177,3
DA:178,3
DA:178,3
DA:178,3
DA:179,3
DA:179,3
FN:182,BayviewContinuousToken._setupNewPoolWithLiquidity
FNDA:3,BayviewContinuousToken._setupNewPoolWithLiquidity
DA:183,3
DA:183,3
DA:183,3
DA:184,3
DA:184,3
DA:184,3
DA:186,3
DA:186,3
DA:186,3
DA:187,3
DA:187,3
DA:189,3
DA:189,3
DA:191,3
DA:191,3
DA:191,3
DA:192,3
DA:192,3
BRDA:192,7,0,-
BRDA:192,7,1,3
DA:192,0
FN:195,BayviewContinuousToken._approveBothAssets
FNDA:3,BayviewContinuousToken._approveBothAssets
DA:196,3
DA:196,3
DA:197,3
DA:197,3
DA:199,3
DA:199,3
DA:200,3
DA:200,3
FN:203,BayviewContinuousToken._calculateETHEquivalentForLPHalfUSDValue
FNDA:3,BayviewContinuousToken._calculateETHEquivalentForLPHalfUSDValue
DA:204,3
DA:204,3
DA:204,3
DA:205,3
DA:205,3
DA:205,3
DA:206,3
DA:206,3
DA:207,3
DA:207,3
DA:207,3
DA:208,3
DA:208,3
DA:209,3
DA:209,3
FN:212,BayviewContinuousToken._getWETHForETH
FNDA:3,BayviewContinuousToken._getWETHForETH
DA:213,3
DA:213,3
DA:213,3
DA:214,3
DA:214,3
FN:218,BayviewContinuousToken._getSqrtPriceX96
FNDA:3,BayviewContinuousToken._getSqrtPriceX96
DA:219,3
DA:219,3
DA:219,3
DA:220,3
DA:220,3
DA:220,3
DA:221,3
DA:221,3
FNF:19
FNH:15
LF:57
LH:54
BRF:16
BRH:11
end_of_record
TN:
SF:contracts/BayviewContinuousTokenController.sol
FN:27,BayviewContinuousTokenController.
FNDA:0,BayviewContinuousTokenController.
FN:40,BayviewContinuousTokenController.deployBayviewContinuousToken
FNDA:1,BayviewContinuousTokenController.deployBayviewContinuousToken
DA:45,1
DA:45,1
BRDA:45,0,0,-
BRDA:45,0,1,1
DA:45,0
DA:47,1
DA:47,1
DA:56,1
DA:56,1
DA:56,1
DA:58,1
DA:58,1
DA:58,1
DA:59,1
DA:59,1
DA:59,1
DA:61,1
DA:61,1
BRDA:61,1,0,-
BRDA:61,1,1,1
DA:61,0
DA:62,1
DA:62,1
BRDA:62,2,0,-
BRDA:62,2,1,1
DA:62,0
DA:64,1
DA:64,1
DA:65,1
DA:65,1
DA:67,1
DA:67,1
FN:70,BayviewContinuousTokenController.buy
FNDA:1,BayviewContinuousTokenController.buy
DA:71,1
DA:71,1
DA:72,1
DA:72,1
FN:74,BayviewContinuousTokenController.sell
FNDA:0,BayviewContinuousTokenController.sell
DA:75,0
DA:75,0
DA:76,0
DA:76,0
FN:79,BayviewContinuousTokenController.emitBuy
FNDA:7,BayviewContinuousTokenController.emitBuy
DA:80,7
BRDA:80,3,0,-
BRDA:80,3,1,7
DA:81,0
DA:81,0
FN:84,BayviewContinuousTokenController.emitSell
FNDA:0,BayviewContinuousTokenController.emitSell
DA:85,0
BRDA:85,4,0,-
BRDA:85,4,1,-
DA:86,0
DA:86,0
FNF:6
FNH:3
LF:18
LH:13
BRF:10
BRH:4
end_of_record
TN:
SF:contracts/bancor/BancorBondingCurveMath.sol
FN:31,BancorBondingCurveMath.price
FNDA:14,BancorBondingCurveMath.price
DA:36,14
DA:36,14
DA:36,14
FN:54,BancorBondingCurveMath.reserveTokenPriceForAmount
FNDA:0,BancorBondingCurveMath.reserveTokenPriceForAmount
DA:60,0
DA:60,0
BRDA:60,0,0,-
BRDA:60,0,1,-
DA:61,0
DA:61,0
BRDA:61,1,0,-
BRDA:61,1,1,-
DA:62,0
DA:62,0
BRDA:62,2,0,-
BRDA:62,2,1,-
DA:64,0
DA:64,0
BRDA:64,3,0,-
BRDA:64,3,1,-
DA:64,0
DA:65,0
DA:65,0
BRDA:65,4,0,-
BRDA:65,4,1,-
DA:65,0
DA:65,0
DA:65,0
DA:67,0
DA:67,0
DA:67,0
DA:68,0
DA:68,0
DA:68,0
DA:69,0
DA:69,0
DA:69,0
DA:70,0
DA:70,0
DA:70,0
FN:87,BancorBondingCurveMath.quantityToBuyWithDepositAmount
FNDA:11,BancorBondingCurveMath.quantityToBuyWithDepositAmount
DA:93,11
DA:93,11
BRDA:93,5,0,-
BRDA:93,5,1,11
DA:94,11
DA:94,11
BRDA:94,6,0,-
BRDA:94,6,1,11
DA:95,11
DA:95,11
BRDA:95,7,0,-
BRDA:95,7,1,11
DA:97,11
DA:97,11
BRDA:97,8,0,-
BRDA:97,8,1,11
DA:97,0
DA:98,11
DA:98,11
BRDA:98,9,0,-
BRDA:98,9,1,11
DA:98,0
DA:98,0
DA:98,0
DA:100,11
DA:100,11
DA:100,11
DA:101,11
DA:101,11
DA:101,11
DA:102,11
DA:102,11
DA:102,11
DA:103,11
DA:103,11
DA:103,11
FN:120,BancorBondingCurveMath.valueToReceiveAfterTokenAmountSale
FNDA:3,BancorBondingCurveMath.valueToReceiveAfterTokenAmountSale
DA:126,3
DA:126,3
BRDA:126,10,0,-
BRDA:126,10,1,3
DA:127,3
DA:127,3
BRDA:127,11,0,-
BRDA:127,11,1,3
DA:128,3
DA:128,3
BRDA:128,12,0,-
BRDA:128,12,1,3
DA:129,3
DA:129,3
BRDA:129,13,0,-
BRDA:129,13,1,3
DA:131,3
DA:131,3
BRDA:131,14,0,-
BRDA:131,14,1,3
DA:131,0
DA:132,3
DA:132,3
BRDA:132,15,0,-
BRDA:132,15,1,3
DA:132,0
DA:133,3
DA:133,3
BRDA:133,16,0,-
BRDA:133,16,1,3
DA:133,0
DA:133,0
DA:133,0
DA:135,3
DA:135,3
DA:135,3
DA:136,3
DA:136,3
DA:136,3
DA:137,3
DA:137,3
DA:137,3
DA:138,3
DA:138,3
DA:138,3
DA:139,3
DA:139,3
DA:139,3
FNF:4
FNH:3
LF:31
LH:22
BRF:34
BRH:12
end_of_record
TN:
SF:contracts/bancor/Power.sol
FN:38,Power.initMaxExpArray
FNDA:0,Power.initMaxExpArray
DA:39,0
DA:39,0
DA:40,0
DA:40,0
DA:41,0
DA:41,0
DA:42,0
DA:42,0
DA:43,0
DA:43,0
DA:44,0
DA:44,0
DA:45,0
DA:45,0
DA:46,0
DA:46,0
DA:47,0
DA:47,0
DA:48,0
DA:48,0
DA:49,0
DA:49,0
DA:50,0
DA:50,0
DA:51,0
DA:51,0
DA:52,0
DA:52,0
DA:53,0
DA:53,0
DA:54,0
DA:54,0
DA:55,0
DA:55,0
DA:56,0
DA:56,0
DA:57,0
DA:57,0
DA:58,0
DA:58,0
DA:59,0
DA:59,0
DA:60,0
DA:60,0
DA:61,0
DA:61,0
DA:62,0
DA:62,0
DA:63,0
DA:63,0
DA:64,0
DA:64,0
DA:65,0
DA:65,0
DA:66,0
DA:66,0
DA:67,0
DA:67,0
DA:68,0
DA:68,0
DA:69,0
DA:69,0
DA:70,0
DA:70,0
DA:71,0
DA:71,0
DA:72,0
DA:72,0
DA:73,0
DA:73,0
DA:74,0
DA:74,0
DA:75,0
DA:75,0
DA:76,0
DA:76,0
DA:77,0
DA:77,0
DA:78,0
DA:78,0
DA:79,0
DA:79,0
DA:80,0
DA:80,0
DA:81,0
DA:81,0
DA:82,0
DA:82,0
DA:83,0
DA:83,0
DA:84,0
DA:84,0
DA:85,0
DA:85,0
DA:86,0
DA:86,0
DA:87,0
DA:87,0
DA:88,0
DA:88,0
DA:89,0
DA:89,0
DA:90,0
DA:90,0
DA:91,0
DA:91,0
DA:92,0
DA:92,0
DA:93,0
DA:93,0
DA:94,0
DA:94,0
DA:95,0
DA:95,0
DA:96,0
DA:96,0
DA:97,0
DA:97,0
DA:98,0
DA:98,0
DA:99,0
DA:99,0
DA:100,0
DA:100,0
DA:101,0
DA:101,0
DA:102,0
DA:102,0
DA:103,0
DA:103,0
DA:104,0
DA:104,0
DA:105,0
DA:105,0
DA:106,0
DA:106,0
DA:107,0
DA:107,0
DA:108,0
DA:108,0
DA:109,0
DA:109,0
DA:110,0
DA:110,0
DA:111,0
DA:111,0
DA:112,0
DA:112,0
DA:113,0
DA:113,0
DA:114,0
DA:114,0
DA:115,0
DA:115,0
DA:116,0
DA:116,0
DA:117,0
DA:117,0
DA:118,0
DA:118,0
DA:119,0
DA:119,0
DA:120,0
DA:120,0
DA:121,0
DA:121,0
DA:122,0
DA:122,0
DA:123,0
DA:123,0
DA:124,0
DA:124,0
DA:125,0
DA:125,0
DA:126,0
DA:126,0
DA:127,0
DA:127,0
DA:128,0
DA:128,0
DA:129,0
DA:129,0
DA:130,0
DA:130,0
DA:131,0
DA:131,0
DA:132,0
DA:132,0
DA:133,0
DA:133,0
DA:134,0
DA:134,0
DA:135,0
DA:135,0
DA:136,0
DA:136,0
DA:137,0
DA:137,0
DA:138,0
DA:138,0
DA:139,0
DA:139,0
DA:140,0
DA:140,0
DA:141,0
DA:141,0
DA:142,0
DA:142,0
DA:143,0
DA:143,0
DA:144,0
DA:144,0
DA:145,0
DA:145,0
DA:146,0
DA:146,0
DA:147,0
DA:147,0
DA:148,0
DA:148,0
DA:149,0
DA:149,0
DA:150,0
DA:150,0
DA:151,0
DA:151,0
DA:152,0
DA:152,0
DA:153,0
DA:153,0
DA:154,0
DA:154,0
DA:155,0
DA:155,0
DA:156,0
DA:156,0
DA:157,0
DA:157,0
DA:158,0
DA:158,0
DA:159,0
DA:159,0
DA:160,0
DA:160,0
DA:161,0
DA:161,0
DA:162,0
DA:162,0
DA:163,0
DA:163,0
DA:164,0
DA:164,0
DA:165,0
DA:165,0
DA:166,0
DA:166,0
FN:172,Power.init
FNDA:0,Power.init
DA:173,0
DA:173,0
FN:194,Power.power
FNDA:14,Power.power
DA:200,14
DA:200,14
BRDA:200,0,0,-
BRDA:200,0,1,14
DA:202,14
DA:202,14
DA:203,14
DA:203,14
DA:203,14
DA:204,14
DA:204,14
BRDA:204,1,0,14
BRDA:204,1,1,-
DA:205,14
DA:205,14
DA:207,0
DA:207,0
DA:210,14
DA:210,14
DA:210,14
DA:211,14
DA:211,14
BRDA:211,2,0,14
BRDA:211,2,1,-
DA:212,14
DA:212,14
DA:214,0
DA:214,0
DA:214,0
DA:215,0
DA:215,0
FN:223,Power.generalLog
FNDA:0,Power.generalLog
DA:224,0
DA:224,0
DA:227,0
DA:227,0
BRDA:227,3,0,-
BRDA:227,3,1,-
DA:228,0
DA:228,0
DA:228,0
DA:229,0
DA:229,0
DA:230,0
DA:230,0
DA:234,0
DA:234,0
BRDA:234,4,0,-
BRDA:234,4,1,-
DA:235,0
DA:235,0
DA:235,0
DA:235,0
DA:236,0
DA:236,0
DA:237,0
DA:237,0
BRDA:237,5,0,-
BRDA:237,5,1,-
DA:238,0
DA:238,0
DA:239,0
DA:239,0
DA:244,0
DA:244,0
DA:244,0
FN:250,Power.floorLog2
FNDA:0,Power.floorLog2
DA:251,0
DA:251,0
DA:253,0
DA:253,0
BRDA:253,6,0,-
BRDA:253,6,1,-
DA:255,0
DA:255,0
DA:256,0
DA:256,0
DA:257,0
DA:257,0
DA:261,0
DA:261,0
DA:261,0
DA:261,0
DA:262,0
DA:262,0
BRDA:262,7,0,-
BRDA:262,7,1,-
DA:263,0
DA:263,0
DA:264,0
DA:264,0
DA:269,0
DA:269,0
FN:277,Power.findPositionInMaxExpArray
FNDA:0,Power.findPositionInMaxExpArray
DA:278,0
DA:278,0
DA:279,0
DA:279,0
DA:281,0
DA:281,0
DA:281,0
DA:282,0
DA:282,0
DA:282,0
DA:283,0
DA:283,0
BRDA:283,8,0,-
BRDA:283,8,1,-
DA:283,0
DA:284,0
DA:284,0
DA:287,0
DA:287,0
BRDA:287,9,0,-
BRDA:287,9,1,-
DA:287,0
DA:287,0
DA:288,0
DA:288,0
BRDA:288,10,0,-
BRDA:288,10,1,-
DA:288,0
DA:288,0
DA:291,0
DA:291,0
BRDA:291,11,0,-
BRDA:291,11,1,-
FN:301,Power.generalExp
FNDA:0,Power.generalExp
DA:302,0
DA:302,0
DA:303,0
DA:303,0
DA:305,0
DA:305,0
DA:306,0
DA:306,0
DA:307,0
DA:307,0
DA:308,0
DA:308,0
DA:309,0
DA:309,0
DA:310,0
DA:310,0
DA:311,0
DA:311,0
DA:312,0
DA:312,0
DA:313,0
DA:313,0
DA:314,0
DA:314,0
DA:315,0
DA:315,0
DA:316,0
DA:316,0
DA:317,0
DA:317,0
DA:318,0
DA:318,0
DA:319,0
DA:319,0
DA:320,0
DA:320,0
DA:321,0
DA:321,0
DA:322,0
DA:322,0
DA:323,0
DA:323,0
DA:324,0
DA:324,0
DA:325,0
DA:325,0
DA:326,0
DA:326,0
DA:327,0
DA:327,0
DA:328,0
DA:328,0
DA:329,0
DA:329,0
DA:330,0
DA:330,0
DA:331,0
DA:331,0
DA:332,0
DA:332,0
DA:333,0
DA:333,0
DA:334,0
DA:334,0
DA:335,0
DA:335,0
DA:336,0
DA:336,0
DA:337,0
DA:337,0
DA:338,0
DA:338,0
DA:339,0
DA:339,0
DA:340,0
DA:340,0
DA:341,0
DA:341,0
DA:342,0
DA:342,0
DA:343,0
DA:343,0
DA:344,0
DA:344,0
DA:345,0
DA:345,0
DA:346,0
DA:346,0
DA:347,0
DA:347,0
DA:348,0
DA:348,0
DA:349,0
DA:349,0
DA:350,0
DA:350,0
DA:351,0
DA:351,0
DA:352,0
DA:352,0
DA:353,0
DA:353,0
DA:354,0
DA:354,0
DA:355,0
DA:355,0
DA:356,0
DA:356,0
DA:357,0
DA:357,0
DA:358,0
DA:358,0
DA:359,0
DA:359,0
DA:360,0
DA:360,0
DA:361,0
DA:361,0
DA:362,0
DA:362,0
DA:363,0
DA:363,0
DA:364,0
DA:364,0
DA:365,0
DA:365,0
DA:366,0
DA:366,0
DA:367,0
DA:367,0
DA:368,0
DA:368,0
DA:370,0
DA:370,0
DA:370,0
DA:370,0
DA:370,0
FN:384,Power.optimalLog
FNDA:14,Power.optimalLog
DA:385,14
DA:385,14
DA:387,14
DA:387,14
DA:388,14
DA:388,14
DA:389,14
DA:389,14
DA:391,14
DA:391,14
BRDA:391,12,0,8
BRDA:391,12,1,14
DA:392,8
DA:392,8
DA:393,8
DA:393,8
DA:395,14
DA:395,14
BRDA:395,13,0,2
BRDA:395,13,1,14
DA:396,2
DA:396,2
DA:397,2
DA:397,2
DA:399,14
DA:399,14
BRDA:399,14,0,10
BRDA:399,14,1,14
DA:400,10
DA:400,10
DA:401,10
DA:401,10
DA:403,14
DA:403,14
BRDA:403,15,0,9
BRDA:403,15,1,14
DA:404,9
DA:404,9
DA:405,9
DA:405,9
DA:407,14
DA:407,14
BRDA:407,16,0,3
BRDA:407,16,1,14
DA:408,3
DA:408,3
DA:409,3
DA:409,3
DA:411,14
DA:411,14
BRDA:411,17,0,-
BRDA:411,17,1,14
DA:412,0
DA:412,0
DA:413,0
DA:413,0
DA:415,14
DA:415,14
BRDA:415,18,0,6
BRDA:415,18,1,14
DA:416,6
DA:416,6
DA:417,6
DA:417,6
DA:419,14
DA:419,14
BRDA:419,19,0,11
BRDA:419,19,1,14
DA:420,11
DA:420,11
DA:421,11
DA:421,11
DA:424,14
DA:424,14
DA:425,14
DA:425,14
DA:426,14
DA:426,14
DA:427,14
DA:427,14
DA:428,14
DA:428,14
DA:429,14
DA:429,14
DA:430,14
DA:430,14
DA:431,14
DA:431,14
DA:432,14
DA:432,14
DA:433,14
DA:433,14
DA:434,14
DA:434,14
DA:435,14
DA:435,14
DA:436,14
DA:436,14
DA:437,14
DA:437,14
DA:438,14
DA:438,14
DA:439,14
DA:439,14
DA:440,14
DA:440,14
DA:442,14
DA:442,14
FN:456,Power.optimalExp
FNDA:14,Power.optimalExp
DA:457,14
DA:457,14
DA:459,14
DA:459,14
DA:460,14
DA:460,14
DA:462,14
DA:462,14
DA:463,14
DA:463,14
DA:464,14
DA:464,14
DA:465,14
DA:465,14
DA:466,14
DA:466,14
DA:467,14
DA:467,14
DA:468,14
DA:468,14
DA:469,14
DA:469,14
DA:470,14
DA:470,14
DA:471,14
DA:471,14
DA:472,14
DA:472,14
DA:473,14
DA:473,14
DA:474,14
DA:474,14
DA:475,14
DA:475,14
DA:476,14
DA:476,14
DA:477,14
DA:477,14
DA:478,14
DA:478,14
DA:479,14
DA:479,14
DA:480,14
DA:480,14
DA:481,14
DA:481,14
DA:482,14
DA:482,14
DA:483,14
DA:483,14
DA:484,14
DA:484,14
DA:485,14
DA:485,14
DA:486,14
DA:486,14
DA:487,14
DA:487,14
DA:488,14
DA:488,14
DA:489,14
DA:489,14
DA:490,14
DA:490,14
DA:491,14
DA:491,14
DA:492,14
DA:492,14
DA:493,14
DA:493,14
DA:494,14
DA:494,14
DA:495,14
DA:495,14
DA:496,14
DA:496,14
DA:497,14
DA:497,14
DA:498,14
DA:498,14
DA:499,14
DA:499,14
DA:500,14
DA:500,14
DA:501,14
DA:501,14
DA:503,14
DA:503,14
BRDA:503,20,0,10
BRDA:503,20,1,14
DA:504,10
DA:504,10
DA:505,14
DA:505,14
BRDA:505,21,0,8
BRDA:505,21,1,14
DA:506,8
DA:506,8
DA:507,14
DA:507,14
BRDA:507,22,0,2
BRDA:507,22,1,14
DA:508,2
DA:508,2
DA:509,14
DA:509,14
BRDA:509,23,0,-
BRDA:509,23,1,14
DA:510,0
DA:510,0
DA:511,14
DA:511,14
BRDA:511,24,0,-
BRDA:511,24,1,14
DA:512,0
DA:512,0
DA:513,14
DA:513,14
BRDA:513,25,0,-
BRDA:513,25,1,14
DA:514,0
DA:514,0
DA:515,14
DA:515,14
BRDA:515,26,0,-
BRDA:515,26,1,14
DA:516,0
DA:516,0
DA:518,14
DA:518,14
FNF:9
FNH:3
LF:342
LH:106
BRF:54
BRH:28
end_of_record
TN:
SF:contracts/bancor/libraries/SafeMath.sol
FN:22,SafeMath.tryAdd
FNDA:0,SafeMath.tryAdd
DA:24,0
DA:24,0
DA:24,0
DA:25,0
DA:25,0
BRDA:25,0,0,-
BRDA:25,0,1,-
DA:25,0
DA:26,0
DA:26,0
FN:35,SafeMath.trySub
FNDA:0,SafeMath.trySub
DA:37,0
DA:37,0
BRDA:37,1,0,-
BRDA:37,1,1,-
DA:37,0
DA:38,0
DA:38,0
FN:47,SafeMath.tryMul
FNDA:0,SafeMath.tryMul
DA:52,0
DA:52,0
BRDA:52,2,0,-
BRDA:52,2,1,-
DA:52,0
DA:53,0
DA:53,0
DA:53,0
DA:54,0
DA:54,0
DA:54,0
BRDA:54,3,0,-
BRDA:54,3,1,-
DA:54,0
DA:55,0
DA:55,0
FN:64,SafeMath.tryDiv
FNDA:0,SafeMath.tryDiv
DA:66,0
DA:66,0
BRDA:66,4,0,-
BRDA:66,4,1,-
DA:66,0
DA:67,0
DA:67,0
FN:76,SafeMath.tryMod
FNDA:0,SafeMath.tryMod
DA:78,0
DA:78,0
BRDA:78,5,0,-
BRDA:78,5,1,-
DA:78,0
DA:79,0
DA:79,0
FN:93,SafeMath.add
FNDA:11,SafeMath.add
DA:94,11
DA:94,11
DA:94,11
FN:107,SafeMath.sub
FNDA:0,SafeMath.sub
DA:108,0
DA:108,0
DA:108,0
FN:121,SafeMath.mul
FNDA:14,SafeMath.mul
DA:122,14
DA:122,14
DA:122,14
FN:135,SafeMath.div
FNDA:0,SafeMath.div
DA:136,0
DA:136,0
DA:136,0
FN:151,SafeMath.mod
FNDA:0,SafeMath.mod
DA:152,0
DA:152,0
DA:152,0
FN:168,SafeMath.sub
FNDA:0,SafeMath.sub
DA:170,0
DA:170,0
BRDA:170,6,0,-
BRDA:170,6,1,-
DA:171,0
DA:171,0
DA:171,0
FN:187,SafeMath.div
FNDA:0,SafeMath.div
DA:189,0
DA:189,0
BRDA:189,7,0,-
BRDA:189,7,1,-
DA:190,0
DA:190,0
DA:190,0
FN:209,SafeMath.mod
FNDA:0,SafeMath.mod
DA:211,0
DA:211,0
BRDA:211,8,0,-
BRDA:211,8,1,-
DA:212,0
DA:212,0
DA:212,0
FNF:13
FNH:2
LF:24
LH:2
BRF:18
BRH:0
end_of_record
TN:
SF:contracts/libraries/Math.sol
FN:13,Math.sqrt
FNDA:3,Math.sqrt
DA:14,3
DA:14,3
BRDA:14,0,0,18
BRDA:14,0,1,3
DA:15,3
DA:15,3
DA:16,3
DA:16,3
DA:16,3
DA:16,3
DA:17,21
DA:17,21
DA:18,18
DA:18,18
DA:19,18
DA:19,18
DA:21,0
DA:21,0
BRDA:21,1,0,-
BRDA:21,1,1,-
DA:22,0
DA:22,0
FNF:1
FNH:1
LF:8
LH:6
BRF:4
BRH:2
end_of_record
TN:
SF:contracts/liquidity-pool/PoolCreator.sol
FN:23,PoolCreator._createNewPoolIfNecessary
FNDA:3,PoolCreator._createNewPoolIfNecessary
DA:24,3
DA:24,3
DA:24,3
DA:25,3
DA:25,3
FN:33,PoolCreator._getToken0Token1
FNDA:9,PoolCreator._getToken0Token1
DA:34,9
DA:34,9
DA:34,9
FNF:2
FNH:2
LF:3
LH:3
BRF:0
BRH:0
end_of_record
TN:
SF:contracts/liquidity-pool/PoolLiquidityProvider.sol
FN:27,PoolLiquidityProvider._addLiquidity
FNDA:3,PoolLiquidityProvider._addLiquidity
DA:28,3
DA:28,3
DA:28,3
DA:29,3
DA:29,3
DA:29,3
DA:31,3
DA:31,3
DA:32,3
DA:32,3
DA:46,3
DA:46,3
DA:46,3
DA:47,3
DA:47,3
FN:50,PoolLiquidityProvider._getAmount0Amount1
FNDA:3,PoolLiquidityProvider._getAmount0Amount1
DA:51,3
DA:51,3
DA:51,3
DA:52,3
DA:52,3
DA:52,3
FNF:2
FNH:2
LF:8
LH:8
BRF:0
BRH:0
end_of_record
TN:
SF:contracts/oracles/PythOracle.sol
FN:25,PythOracle.oracleAddress
FNDA:2,PythOracle.oracleAddress
DA:26,2
DA:26,2
DA:26,2
FN:29,PythOracle.getETHPriceInUSD
FNDA:13,PythOracle.getETHPriceInUSD
DA:30,13
DA:30,13
DA:30,13
DA:32,13
DA:32,13
DA:34,12
DA:34,12
DA:35,12
DA:35,12
FN:38,PythOracle._checkPriceBelowZero
FNDA:13,PythOracle._checkPriceBelowZero
DA:39,13
DA:39,13
BRDA:39,0,0,1
BRDA:39,0,1,12
DA:39,1
FNF:3
FNH:3
LF:6
LH:6
BRF:2
BRH:2
end_of_record
Wrote LCOV report.
