TN:
SF:contracts/BayviewContinuousToken.sol
FN:75,BayviewContinuousToken.
FNDA:0,BayviewContinuousToken.
FN:78,BayviewContinuousToken.price
FNDA:4,BayviewContinuousToken.price
DA:79,7
DA:79,7
DA:79,7
FN:86,BayviewContinuousToken.getReserveBalance
FNDA:4,BayviewContinuousToken.getReserveBalance
DA:87,10
DA:87,10
FN:90,BayviewContinuousToken.reserveTokenPriceForAmount
FNDA:0,BayviewContinuousToken.reserveTokenPriceForAmount
DA:91,0
DA:91,0
DA:91,0
FN:99,BayviewContinuousToken.quantityToBuyWithDepositAmount
FNDA:0,BayviewContinuousToken.quantityToBuyWithDepositAmount
DA:100,4
DA:100,4
DA:100,4
FN:108,BayviewContinuousToken.valueToReceiveAfterTokenAmountSale
FNDA:1,BayviewContinuousToken.valueToReceiveAfterTokenAmountSale
DA:109,1
DA:109,1
DA:109,1
FN:117,BayviewContinuousToken.mint
FNDA:3,BayviewContinuousToken.mint
DA:118,3
DA:118,3
DA:119,3
DA:119,3
DA:121,3
DA:121,3
DA:123,3
DA:123,3
DA:125,3
DA:125,3
BRDA:125,0,0,-
BRDA:125,0,1,2
DA:126,2
DA:126,2
DA:128,3
DA:128,3
FN:131,BayviewContinuousToken.retire
FNDA:0,BayviewContinuousToken.retire
DA:132,0
DA:132,0
BRDA:132,1,0,-
BRDA:132,1,1,-
DA:132,0
DA:133,0
DA:133,0
DA:133,0
BRDA:133,2,0,-
BRDA:133,2,1,-
DA:133,0
DA:135,0
DA:135,0
DA:137,0
DA:137,0
DA:138,0
DA:138,0
DA:138,0
DA:140,0
DA:140,0
DA:142,0
DA:142,0
BRDA:142,3,0,-
BRDA:142,3,1,-
DA:143,0
DA:143,0
DA:145,0
DA:145,0
FN:148,BayviewContinuousToken._validateSending
FNDA:2,BayviewContinuousToken._validateSending
DA:149,2
DA:149,2
BRDA:149,4,0,-
BRDA:149,4,1,2
DA:149,0
FN:152,BayviewContinuousToken._convertWeightTo18Decimals
FNDA:0,BayviewContinuousToken._convertWeightTo18Decimals
DA:153,0
DA:153,0
DA:153,0
FN:156,BayviewContinuousToken._calculateMarketCapInETH
FNDA:3,BayviewContinuousToken._calculateMarketCapInETH
DA:157,3
DA:157,3
DA:157,3
FN:160,BayviewContinuousToken._calculateMarketCapInUSD
FNDA:3,BayviewContinuousToken._calculateMarketCapInUSD
DA:161,3
DA:161,3
DA:161,3
DA:162,3
DA:162,3
DA:162,3
DA:162,3
DA:163,3
DA:163,3
DA:163,3
DA:164,3
DA:164,3
DA:164,3
FN:167,BayviewContinuousToken._attemptPoolSetup
FNDA:3,BayviewContinuousToken._attemptPoolSetup
DA:168,3
DA:168,3
DA:168,3
BRDA:168,5,0,1
BRDA:168,5,1,3
DA:168,3
DA:170,1
DA:170,1
DA:170,1
BRDA:170,6,0,1
BRDA:170,6,1,1
DA:171,1
DA:171,1
DA:172,1
DA:172,1
FN:176,BayviewContinuousToken._rewardOwnerWith1PercentOfReserve
FNDA:1,BayviewContinuousToken._rewardOwnerWith1PercentOfReserve
DA:177,1
DA:177,1
DA:177,1
DA:177,1
DA:178,1
DA:178,1
DA:178,1
DA:179,1
DA:179,1
FN:182,BayviewContinuousToken._setupNewPoolWithLiquidity
FNDA:1,BayviewContinuousToken._setupNewPoolWithLiquidity
DA:183,1
DA:183,1
DA:183,1
DA:184,1
DA:184,1
DA:184,1
DA:186,1
DA:186,1
DA:186,1
DA:187,1
DA:187,1
DA:189,1
DA:189,1
DA:191,1
DA:191,1
DA:191,1
DA:192,1
DA:192,1
BRDA:192,7,0,-
BRDA:192,7,1,1
DA:192,0
FN:195,BayviewContinuousToken._approveBothAssets
FNDA:1,BayviewContinuousToken._approveBothAssets
DA:196,1
DA:196,1
DA:197,1
DA:197,1
DA:199,1
DA:199,1
DA:200,1
DA:200,1
FN:203,BayviewContinuousToken._calculateETHEquivalentForLPHalfUSDValue
FNDA:1,BayviewContinuousToken._calculateETHEquivalentForLPHalfUSDValue
DA:204,1
DA:204,1
DA:204,1
DA:205,1
DA:205,1
DA:205,1
DA:206,1
DA:206,1
DA:207,1
DA:207,1
DA:207,1
DA:208,1
DA:208,1
DA:209,1
DA:209,1
FN:212,BayviewContinuousToken._getWETHForETH
FNDA:1,BayviewContinuousToken._getWETHForETH
DA:213,1
DA:213,1
DA:213,1
DA:214,1
DA:214,1
FN:218,BayviewContinuousToken._getSqrtPriceX96
FNDA:1,BayviewContinuousToken._getSqrtPriceX96
DA:219,1
DA:219,1
DA:219,1
DA:220,1
DA:220,1
DA:220,1
DA:221,1
DA:221,1
FNF:19
FNH:14
LF:57
LH:46
BRF:16
BRH:7
end_of_record
TN:
SF:contracts/BayviewContinuousTokenController.sol
FN:27,BayviewContinuousTokenController.
FNDA:0,BayviewContinuousTokenController.
FN:40,BayviewContinuousTokenController.deployBayviewContinuousToken
FNDA:1,BayviewContinuousTokenController.deployBayviewContinuousToken
DA:45,1
DA:45,1
BRDA:45,0,0,-
BRDA:45,0,1,1
DA:45,0
DA:47,1
DA:47,1
DA:56,1
DA:56,1
DA:56,1
DA:58,1
DA:58,1
DA:58,1
DA:59,1
DA:59,1
DA:59,1
DA:61,1
DA:61,1
BRDA:61,1,0,-
BRDA:61,1,1,1
DA:61,0
DA:62,1
DA:62,1
BRDA:62,2,0,-
BRDA:62,2,1,1
DA:62,0
DA:64,1
DA:64,1
DA:65,1
DA:65,1
DA:67,1
DA:67,1
FN:70,BayviewContinuousTokenController.buy
FNDA:1,BayviewContinuousTokenController.buy
DA:71,1
DA:71,1
DA:72,1
DA:72,1
FN:74,BayviewContinuousTokenController.sell
FNDA:0,BayviewContinuousTokenController.sell
DA:75,0
DA:75,0
DA:76,0
DA:76,0
FN:79,BayviewContinuousTokenController.emitBuy
FNDA:2,BayviewContinuousTokenController.emitBuy
DA:80,2
BRDA:80,3,0,-
BRDA:80,3,1,2
DA:81,0
DA:81,0
FN:84,BayviewContinuousTokenController.emitSell
FNDA:0,BayviewContinuousTokenController.emitSell
DA:85,0
BRDA:85,4,0,-
BRDA:85,4,1,-
DA:86,0
DA:86,0
FNF:6
FNH:3
LF:18
LH:13
BRF:10
BRH:4
end_of_record
TN:
SF:contracts/bancor/BancorBondingCurveMath.sol
FN:31,BancorBondingCurveMath.price
FNDA:7,BancorBondingCurveMath.price
DA:36,7
DA:36,7
DA:36,7
FN:54,BancorBondingCurveMath.reserveTokenPriceForAmount
FNDA:0,BancorBondingCurveMath.reserveTokenPriceForAmount
DA:60,0
DA:60,0
BRDA:60,0,0,-
BRDA:60,0,1,-
DA:61,0
DA:61,0
BRDA:61,1,0,-
BRDA:61,1,1,-
DA:62,0
DA:62,0
BRDA:62,2,0,-
BRDA:62,2,1,-
DA:64,0
DA:64,0
BRDA:64,3,0,-
BRDA:64,3,1,-
DA:64,0
DA:65,0
DA:65,0
BRDA:65,4,0,-
BRDA:65,4,1,-
DA:65,0
DA:65,0
DA:65,0
DA:67,0
DA:67,0
DA:67,0
DA:68,0
DA:68,0
DA:68,0
DA:69,0
DA:69,0
DA:69,0
DA:70,0
DA:70,0
DA:70,0
FN:87,BancorBondingCurveMath.quantityToBuyWithDepositAmount
FNDA:4,BancorBondingCurveMath.quantityToBuyWithDepositAmount
DA:93,4
DA:93,4
BRDA:93,5,0,-
BRDA:93,5,1,4
DA:94,4
DA:94,4
BRDA:94,6,0,-
BRDA:94,6,1,4
DA:95,4
DA:95,4
BRDA:95,7,0,-
BRDA:95,7,1,4
DA:97,4
DA:97,4
BRDA:97,8,0,-
BRDA:97,8,1,4
DA:97,0
DA:98,4
DA:98,4
BRDA:98,9,0,-
BRDA:98,9,1,4
DA:98,0
DA:98,0
DA:98,0
DA:100,4
DA:100,4
DA:100,4
DA:101,4
DA:101,4
DA:101,4
DA:102,4
DA:102,4
DA:102,4
DA:103,4
DA:103,4
DA:103,4
FN:120,BancorBondingCurveMath.valueToReceiveAfterTokenAmountSale
FNDA:1,BancorBondingCurveMath.valueToReceiveAfterTokenAmountSale
DA:126,1
DA:126,1
BRDA:126,10,0,-
BRDA:126,10,1,1
DA:127,1
DA:127,1
BRDA:127,11,0,-
BRDA:127,11,1,1
DA:128,1
DA:128,1
BRDA:128,12,0,-
BRDA:128,12,1,1
DA:129,1
DA:129,1
BRDA:129,13,0,-
BRDA:129,13,1,1
DA:131,1
DA:131,1
BRDA:131,14,0,-
BRDA:131,14,1,1
DA:131,0
DA:132,1
DA:132,1
BRDA:132,15,0,-
BRDA:132,15,1,1
DA:132,0
DA:133,1
DA:133,1
BRDA:133,16,0,-
BRDA:133,16,1,1
DA:133,0
DA:133,0
DA:133,0
DA:135,1
DA:135,1
DA:135,1
DA:136,1
DA:136,1
DA:136,1
DA:137,1
DA:137,1
DA:137,1
DA:138,1
DA:138,1
DA:138,1
DA:139,1
DA:139,1
DA:139,1
FNF:4
FNH:3
LF:31
LH:22
BRF:34
BRH:12
end_of_record
TN:
SF:contracts/bancor/Power.sol
FN:38,Power.initMaxExpArray
FNDA:0,Power.initMaxExpArray
DA:39,0
DA:39,0
DA:40,0
DA:40,0
DA:41,0
DA:41,0
DA:42,0
DA:42,0
DA:43,0
DA:43,0
DA:44,0
DA:44,0
DA:45,0
DA:45,0
DA:46,0
DA:46,0
DA:47,0
DA:47,0
DA:48,0
DA:48,0
DA:49,0
DA:49,0
DA:50,0
DA:50,0
DA:51,0
DA:51,0
DA:52,0
DA:52,0
DA:53,0
DA:53,0
DA:54,0
DA:54,0
DA:55,0
DA:55,0
DA:56,0
DA:56,0
DA:57,0
DA:57,0
DA:58,0
DA:58,0
DA:59,0
DA:59,0
DA:60,0
DA:60,0
DA:61,0
DA:61,0
DA:62,0
DA:62,0
DA:63,0
DA:63,0
DA:64,0
DA:64,0
DA:65,0
DA:65,0
DA:66,0
DA:66,0
DA:67,0
DA:67,0
DA:68,0
DA:68,0
DA:69,0
DA:69,0
DA:70,0
DA:70,0
DA:71,0
DA:71,0
DA:72,0
DA:72,0
DA:73,0
DA:73,0
DA:74,0
DA:74,0
DA:75,0
DA:75,0
DA:76,0
DA:76,0
DA:77,0
DA:77,0
DA:78,0
DA:78,0
DA:79,0
DA:79,0
DA:80,0
DA:80,0
DA:81,0
DA:81,0
DA:82,0
DA:82,0
DA:83,0
DA:83,0
DA:84,0
DA:84,0
DA:85,0
DA:85,0
DA:86,0
DA:86,0
DA:87,0
DA:87,0
DA:88,0
DA:88,0
DA:89,0
DA:89,0
DA:90,0
DA:90,0
DA:91,0
DA:91,0
DA:92,0
DA:92,0
DA:93,0
DA:93,0
DA:94,0
DA:94,0
DA:95,0
DA:95,0
DA:96,0
DA:96,0
DA:97,0
DA:97,0
DA:98,0
DA:98,0
DA:99,0
DA:99,0
DA:100,0
DA:100,0
DA:101,0
DA:101,0
DA:102,0
DA:102,0
DA:103,0
DA:103,0
DA:104,0
DA:104,0
DA:105,0
DA:105,0
DA:106,0
DA:106,0
DA:107,0
DA:107,0
DA:108,0
DA:108,0
DA:109,0
DA:109,0
DA:110,0
DA:110,0
DA:111,0
DA:111,0
DA:112,0
DA:112,0
DA:113,0
DA:113,0
DA:114,0
DA:114,0
DA:115,0
DA:115,0
DA:116,0
DA:116,0
DA:117,0
DA:117,0
DA:118,0
DA:118,0
DA:119,0
DA:119,0
DA:120,0
DA:120,0
DA:121,0
DA:121,0
DA:122,0
DA:122,0
DA:123,0
DA:123,0
DA:124,0
DA:124,0
DA:125,0
DA:125,0
DA:126,0
DA:126,0
DA:127,0
DA:127,0
DA:128,0
DA:128,0
DA:129,0
DA:129,0
DA:130,0
DA:130,0
DA:131,0
DA:131,0
DA:132,0
DA:132,0
DA:133,0
DA:133,0
DA:134,0
DA:134,0
DA:135,0
DA:135,0
DA:136,0
DA:136,0
DA:137,0
DA:137,0
DA:138,0
DA:138,0
DA:139,0
DA:139,0
DA:140,0
DA:140,0
DA:141,0
DA:141,0
DA:142,0
DA:142,0
DA:143,0
DA:143,0
DA:144,0
DA:144,0
DA:145,0
DA:145,0
DA:146,0
DA:146,0
DA:147,0
DA:147,0
DA:148,0
DA:148,0
DA:149,0
DA:149,0
DA:150,0
DA:150,0
DA:151,0
DA:151,0
DA:152,0
DA:152,0
DA:153,0
DA:153,0
DA:154,0
DA:154,0
DA:155,0
DA:155,0
DA:156,0
DA:156,0
DA:157,0
DA:157,0
DA:158,0
DA:158,0
DA:159,0
DA:159,0
DA:160,0
DA:160,0
DA:161,0
DA:161,0
DA:162,0
DA:162,0
DA:163,0
DA:163,0
DA:164,0
DA:164,0
DA:165,0
DA:165,0
DA:166,0
DA:166,0
FN:172,Power.init
FNDA:0,Power.init
DA:173,0
DA:173,0
FN:194,Power.power
FNDA:5,Power.power
DA:200,5
DA:200,5
BRDA:200,0,0,-
BRDA:200,0,1,5
DA:202,5
DA:202,5
DA:203,5
DA:203,5
DA:203,5
DA:204,5
DA:204,5
BRDA:204,1,0,5
BRDA:204,1,1,-
DA:205,5
DA:205,5
DA:207,0
DA:207,0
DA:210,5
DA:210,5
DA:210,5
DA:211,5
DA:211,5
BRDA:211,2,0,5
BRDA:211,2,1,-
DA:212,5
DA:212,5
DA:214,0
DA:214,0
DA:214,0
DA:215,0
DA:215,0
FN:223,Power.generalLog
FNDA:0,Power.generalLog
DA:224,0
DA:224,0
DA:227,0
DA:227,0
BRDA:227,3,0,-
BRDA:227,3,1,-
DA:228,0
DA:228,0
DA:228,0
DA:229,0
DA:229,0
DA:230,0
DA:230,0
DA:234,0
DA:234,0
BRDA:234,4,0,-
BRDA:234,4,1,-
DA:235,0
DA:235,0
DA:235,0
DA:235,0
DA:236,0
DA:236,0
DA:237,0
DA:237,0
BRDA:237,5,0,-
BRDA:237,5,1,-
DA:238,0
DA:238,0
DA:239,0
DA:239,0
DA:244,0
DA:244,0
DA:244,0
FN:250,Power.floorLog2
FNDA:0,Power.floorLog2
DA:251,0
DA:251,0
DA:253,0
DA:253,0
BRDA:253,6,0,-
BRDA:253,6,1,-
DA:255,0
DA:255,0
DA:256,0
DA:256,0
DA:257,0
DA:257,0
DA:261,0
DA:261,0
DA:261,0
DA:261,0
DA:262,0
DA:262,0
BRDA:262,7,0,-
BRDA:262,7,1,-
DA:263,0
DA:263,0
DA:264,0
DA:264,0
DA:269,0
DA:269,0
FN:277,Power.findPositionInMaxExpArray
FNDA:0,Power.findPositionInMaxExpArray
DA:278,0
DA:278,0
DA:279,0
DA:279,0
DA:281,0
DA:281,0
DA:281,0
DA:282,0
DA:282,0
DA:282,0
DA:283,0
DA:283,0
BRDA:283,8,0,-
BRDA:283,8,1,-
DA:283,0
DA:284,0
DA:284,0
DA:287,0
DA:287,0
BRDA:287,9,0,-
BRDA:287,9,1,-
DA:287,0
DA:287,0
DA:288,0
DA:288,0
BRDA:288,10,0,-
BRDA:288,10,1,-
DA:288,0
DA:288,0
DA:291,0
DA:291,0
BRDA:291,11,0,-
BRDA:291,11,1,-
FN:301,Power.generalExp
FNDA:0,Power.generalExp
DA:302,0
DA:302,0
DA:303,0
DA:303,0
DA:305,0
DA:305,0
DA:306,0
DA:306,0
DA:307,0
DA:307,0
DA:308,0
DA:308,0
DA:309,0
DA:309,0
DA:310,0
DA:310,0
DA:311,0
DA:311,0
DA:312,0
DA:312,0
DA:313,0
DA:313,0
DA:314,0
DA:314,0
DA:315,0
DA:315,0
DA:316,0
DA:316,0
DA:317,0
DA:317,0
DA:318,0
DA:318,0
DA:319,0
DA:319,0
DA:320,0
DA:320,0
DA:321,0
DA:321,0
DA:322,0
DA:322,0
DA:323,0
DA:323,0
DA:324,0
DA:324,0
DA:325,0
DA:325,0
DA:326,0
DA:326,0
DA:327,0
DA:327,0
DA:328,0
DA:328,0
DA:329,0
DA:329,0
DA:330,0
DA:330,0
DA:331,0
DA:331,0
DA:332,0
DA:332,0
DA:333,0
DA:333,0
DA:334,0
DA:334,0
DA:335,0
DA:335,0
DA:336,0
DA:336,0
DA:337,0
DA:337,0
DA:338,0
DA:338,0
DA:339,0
DA:339,0
DA:340,0
DA:340,0
DA:341,0
DA:341,0
DA:342,0
DA:342,0
DA:343,0
DA:343,0
DA:344,0
DA:344,0
DA:345,0
DA:345,0
DA:346,0
DA:346,0
DA:347,0
DA:347,0
DA:348,0
DA:348,0
DA:349,0
DA:349,0
DA:350,0
DA:350,0
DA:351,0
DA:351,0
DA:352,0
DA:352,0
DA:353,0
DA:353,0
DA:354,0
DA:354,0
DA:355,0
DA:355,0
DA:356,0
DA:356,0
DA:357,0
DA:357,0
DA:358,0
DA:358,0
DA:359,0
DA:359,0
DA:360,0
DA:360,0
DA:361,0
DA:361,0
DA:362,0
DA:362,0
DA:363,0
DA:363,0
DA:364,0
DA:364,0
DA:365,0
DA:365,0
DA:366,0
DA:366,0
DA:367,0
DA:367,0
DA:368,0
DA:368,0
DA:370,0
DA:370,0
DA:370,0
DA:370,0
DA:370,0
FN:384,Power.optimalLog
FNDA:5,Power.optimalLog
DA:385,5
DA:385,5
DA:387,5
DA:387,5
DA:388,5
DA:388,5
DA:389,5
DA:389,5
DA:391,5
DA:391,5
BRDA:391,12,0,3
BRDA:391,12,1,5
DA:392,3
DA:392,3
DA:393,3
DA:393,3
DA:395,5
DA:395,5
BRDA:395,13,0,1
BRDA:395,13,1,5
DA:396,1
DA:396,1
DA:397,1
DA:397,1
DA:399,5
DA:399,5
BRDA:399,14,0,4
BRDA:399,14,1,5
DA:400,4
DA:400,4
DA:401,4
DA:401,4
DA:403,5
DA:403,5
BRDA:403,15,0,3
BRDA:403,15,1,5
DA:404,3
DA:404,3
DA:405,3
DA:405,3
DA:407,5
DA:407,5
BRDA:407,16,0,2
BRDA:407,16,1,5
DA:408,2
DA:408,2
DA:409,2
DA:409,2
DA:411,5
DA:411,5
BRDA:411,17,0,-
BRDA:411,17,1,5
DA:412,0
DA:412,0
DA:413,0
DA:413,0
DA:415,5
DA:415,5
BRDA:415,18,0,3
BRDA:415,18,1,5
DA:416,3
DA:416,3
DA:417,3
DA:417,3
DA:419,5
DA:419,5
BRDA:419,19,0,3
BRDA:419,19,1,5
DA:420,3
DA:420,3
DA:421,3
DA:421,3
DA:424,5
DA:424,5
DA:425,5
DA:425,5
DA:426,5
DA:426,5
DA:427,5
DA:427,5
DA:428,5
DA:428,5
DA:429,5
DA:429,5
DA:430,5
DA:430,5
DA:431,5
DA:431,5
DA:432,5
DA:432,5
DA:433,5
DA:433,5
DA:434,5
DA:434,5
DA:435,5
DA:435,5
DA:436,5
DA:436,5
DA:437,5
DA:437,5
DA:438,5
DA:438,5
DA:439,5
DA:439,5
DA:440,5
DA:440,5
DA:442,5
DA:442,5
FN:456,Power.optimalExp
FNDA:5,Power.optimalExp
DA:457,5
DA:457,5
DA:459,5
DA:459,5
DA:460,5
DA:460,5
DA:462,5
DA:462,5
DA:463,5
DA:463,5
DA:464,5
DA:464,5
DA:465,5
DA:465,5
DA:466,5
DA:466,5
DA:467,5
DA:467,5
DA:468,5
DA:468,5
DA:469,5
DA:469,5
DA:470,5
DA:470,5
DA:471,5
DA:471,5
DA:472,5
DA:472,5
DA:473,5
DA:473,5
DA:474,5
DA:474,5
DA:475,5
DA:475,5
DA:476,5
DA:476,5
DA:477,5
DA:477,5
DA:478,5
DA:478,5
DA:479,5
DA:479,5
DA:480,5
DA:480,5
DA:481,5
DA:481,5
DA:482,5
DA:482,5
DA:483,5
DA:483,5
DA:484,5
DA:484,5
DA:485,5
DA:485,5
DA:486,5
DA:486,5
DA:487,5
DA:487,5
DA:488,5
DA:488,5
DA:489,5
DA:489,5
DA:490,5
DA:490,5
DA:491,5
DA:491,5
DA:492,5
DA:492,5
DA:493,5
DA:493,5
DA:494,5
DA:494,5
DA:495,5
DA:495,5
DA:496,5
DA:496,5
DA:497,5
DA:497,5
DA:498,5
DA:498,5
DA:499,5
DA:499,5
DA:500,5
DA:500,5
DA:501,5
DA:501,5
DA:503,5
DA:503,5
BRDA:503,20,0,4
BRDA:503,20,1,5
DA:504,4
DA:504,4
DA:505,5
DA:505,5
BRDA:505,21,0,3
BRDA:505,21,1,5
DA:506,3
DA:506,3
DA:507,5
DA:507,5
BRDA:507,22,0,1
BRDA:507,22,1,5
DA:508,1
DA:508,1
DA:509,5
DA:509,5
BRDA:509,23,0,-
BRDA:509,23,1,5
DA:510,0
DA:510,0
DA:511,5
DA:511,5
BRDA:511,24,0,-
BRDA:511,24,1,5
DA:512,0
DA:512,0
DA:513,5
DA:513,5
BRDA:513,25,0,-
BRDA:513,25,1,5
DA:514,0
DA:514,0
DA:515,5
DA:515,5
BRDA:515,26,0,-
BRDA:515,26,1,5
DA:516,0
DA:516,0
DA:518,5
DA:518,5
FNF:9
FNH:3
LF:342
LH:106
BRF:54
BRH:28
end_of_record
TN:
SF:contracts/bancor/libraries/SafeMath.sol
FN:22,SafeMath.tryAdd
FNDA:0,SafeMath.tryAdd
DA:24,0
DA:24,0
DA:24,0
DA:25,0
DA:25,0
BRDA:25,0,0,-
BRDA:25,0,1,-
DA:25,0
DA:26,0
DA:26,0
FN:35,SafeMath.trySub
FNDA:0,SafeMath.trySub
DA:37,0
DA:37,0
BRDA:37,1,0,-
BRDA:37,1,1,-
DA:37,0
DA:38,0
DA:38,0
FN:47,SafeMath.tryMul
FNDA:0,SafeMath.tryMul
DA:52,0
DA:52,0
BRDA:52,2,0,-
BRDA:52,2,1,-
DA:52,0
DA:53,0
DA:53,0
DA:53,0
DA:54,0
DA:54,0
DA:54,0
BRDA:54,3,0,-
BRDA:54,3,1,-
DA:54,0
DA:55,0
DA:55,0
FN:64,SafeMath.tryDiv
FNDA:0,SafeMath.tryDiv
DA:66,0
DA:66,0
BRDA:66,4,0,-
BRDA:66,4,1,-
DA:66,0
DA:67,0
DA:67,0
FN:76,SafeMath.tryMod
FNDA:0,SafeMath.tryMod
DA:78,0
DA:78,0
BRDA:78,5,0,-
BRDA:78,5,1,-
DA:78,0
DA:79,0
DA:79,0
FN:93,SafeMath.add
FNDA:4,SafeMath.add
DA:94,4
DA:94,4
DA:94,4
FN:107,SafeMath.sub
FNDA:0,SafeMath.sub
DA:108,0
DA:108,0
DA:108,0
FN:121,SafeMath.mul
FNDA:5,SafeMath.mul
DA:122,5
DA:122,5
DA:122,5
FN:135,SafeMath.div
FNDA:0,SafeMath.div
DA:136,0
DA:136,0
DA:136,0
FN:151,SafeMath.mod
FNDA:0,SafeMath.mod
DA:152,0
DA:152,0
DA:152,0
FN:168,SafeMath.sub
FNDA:0,SafeMath.sub
DA:170,0
DA:170,0
BRDA:170,6,0,-
BRDA:170,6,1,-
DA:171,0
DA:171,0
DA:171,0
FN:187,SafeMath.div
FNDA:0,SafeMath.div
DA:189,0
DA:189,0
BRDA:189,7,0,-
BRDA:189,7,1,-
DA:190,0
DA:190,0
DA:190,0
FN:209,SafeMath.mod
FNDA:0,SafeMath.mod
DA:211,0
DA:211,0
BRDA:211,8,0,-
BRDA:211,8,1,-
DA:212,0
DA:212,0
DA:212,0
FNF:13
FNH:2
LF:24
LH:2
BRF:18
BRH:0
end_of_record
TN:
SF:contracts/libraries/Math.sol
FN:13,Math.sqrt
FNDA:1,Math.sqrt
DA:14,1
DA:14,1
BRDA:14,0,0,6
BRDA:14,0,1,1
DA:15,1
DA:15,1
DA:16,1
DA:16,1
DA:16,1
DA:16,1
DA:17,7
DA:17,7
DA:18,6
DA:18,6
DA:19,6
DA:19,6
DA:21,0
DA:21,0
BRDA:21,1,0,-
BRDA:21,1,1,-
DA:22,0
DA:22,0
FNF:1
FNH:1
LF:8
LH:6
BRF:4
BRH:2
end_of_record
TN:
SF:contracts/liquidity-pool/PoolCreator.sol
FN:23,PoolCreator._createNewPoolIfNecessary
FNDA:1,PoolCreator._createNewPoolIfNecessary
DA:24,1
DA:24,1
DA:24,1
DA:25,1
DA:25,1
FN:33,PoolCreator._getToken0Token1
FNDA:3,PoolCreator._getToken0Token1
DA:34,3
DA:34,3
DA:34,3
FNF:2
FNH:2
LF:3
LH:3
BRF:0
BRH:0
end_of_record
TN:
SF:contracts/liquidity-pool/PoolLiquidityProvider.sol
FN:27,PoolLiquidityProvider._addLiquidity
FNDA:1,PoolLiquidityProvider._addLiquidity
DA:28,1
DA:28,1
DA:28,1
DA:29,1
DA:29,1
DA:29,1
DA:31,1
DA:31,1
DA:32,1
DA:32,1
DA:46,1
DA:46,1
DA:46,1
DA:47,1
DA:47,1
FN:50,PoolLiquidityProvider._getAmount0Amount1
FNDA:1,PoolLiquidityProvider._getAmount0Amount1
DA:51,1
DA:51,1
DA:51,1
DA:52,1
DA:52,1
DA:52,1
FNF:2
FNH:2
LF:8
LH:8
BRF:0
BRH:0
end_of_record
TN:
SF:contracts/oracles/PythOracle.sol
FN:25,PythOracle.oracleAddress
FNDA:2,PythOracle.oracleAddress
DA:26,2
DA:26,2
DA:26,2
FN:29,PythOracle.getETHPriceInUSD
FNDA:6,PythOracle.getETHPriceInUSD
DA:30,6
DA:30,6
DA:30,6
DA:32,6
DA:32,6
DA:34,5
DA:34,5
DA:35,5
DA:35,5
FN:38,PythOracle._checkPriceBelowZero
FNDA:6,PythOracle._checkPriceBelowZero
DA:39,6
DA:39,6
BRDA:39,0,0,1
BRDA:39,0,1,5
DA:39,1
FNF:3
FNH:3
LF:6
LH:6
BRF:2
BRH:2
end_of_record
Wrote LCOV report.
